<?xml version="1.0" encoding="UTF-8"?>
<coverage generated="1545139178886" clover="3.2.0">
  <project timestamp="1545139178887" name="All files">
    <metrics statements="26" coveredstatements="26" conditionals="8" coveredconditionals="8" methods="7" coveredmethods="7" elements="41" coveredelements="41" complexity="0" loc="26" ncloc="26" packages="1" files="1" classes="1">
      <file name="genPassword.js" path="/Volumes/SD/GoogleDrive/Develop/gpwd/genPassword.js">
        <metrics statements="26" coveredstatements="26" conditionals="8" coveredconditionals="8" methods="7" coveredmethods="7"/>
        <line num="9" count="1" type="stmt"/>
        <line num="18" count="50125" type="stmt"/>
        <line num="20" count="50125" type="cond" truecount="2" falsecount="0"/>
        <line num="21" count="10002" type="stmt"/>
        <line num="27" count="40123" type="stmt"/>
        <line num="36" count="2" type="stmt"/>
        <line num="42" count="2" type="stmt"/>
        <line num="49" count="1" type="stmt"/>
        <line num="56" count="50245" type="stmt"/>
        <line num="65" count="50244" type="stmt"/>
        <line num="66" count="50244" type="stmt"/>
        <line num="67" count="50244" type="stmt"/>
        <line num="69" count="50244" type="stmt"/>
        <line num="70" count="5391097" type="stmt"/>
        <line num="71" count="5391097" type="stmt"/>
        <line num="74" count="50244" type="stmt"/>
        <line num="75" count="50244" type="stmt"/>
        <line num="84" count="50244" type="stmt"/>
        <line num="85" count="50244" type="cond" truecount="5" falsecount="0"/>
        <line num="87" count="10060" type="stmt"/>
        <line num="89" count="20120" type="stmt"/>
        <line num="91" count="40181" type="stmt"/>
        <line num="92" count="40181" type="stmt"/>
        <line num="93" count="40181" type="stmt"/>
        <line num="96" count="50244" type="stmt"/>
        <line num="99" count="50244" type="stmt"/>
      </file>
    </metrics>
  </project>
</coverage>
