<?xml version="1.0" encoding="UTF-8"?>
<coverage generated="1563034341075" clover="3.2.0">
  <project timestamp="1563034341076" name="All files">
    <metrics statements="46" coveredstatements="46" conditionals="37" coveredconditionals="35" methods="11" coveredmethods="11" elements="94" coveredelements="92" complexity="0" loc="46" ncloc="46" packages="1" files="1" classes="1"/>
    <file name="index.js" path="/Volumes/SD/GoogleDrive/Develop/gpwd/index.js">
      <metrics statements="46" coveredstatements="46" conditionals="37" coveredconditionals="35" methods="11" coveredmethods="11"/>
      <line num="12" count="1" type="stmt"/>
      <line num="17" count="1" type="stmt"/>
      <line num="27" count="150429" type="stmt"/>
      <line num="28" count="150429" type="stmt"/>
      <line num="46" count="150429" type="stmt"/>
      <line num="47" count="150429" type="cond" truecount="2" falsecount="0"/>
      <line num="48" count="140424" type="stmt"/>
      <line num="57" count="2" type="stmt"/>
      <line num="63" count="2" type="stmt"/>
      <line num="74" count="12" type="cond" truecount="2" falsecount="0"/>
      <line num="75" count="7" type="stmt"/>
      <line num="77" count="5" type="cond" truecount="1" falsecount="1"/>
      <line num="78" count="5" type="stmt"/>
      <line num="89" count="140434" type="cond" truecount="4" falsecount="0"/>
      <line num="90" count="425" type="stmt"/>
      <line num="92" count="140434" type="cond" truecount="4" falsecount="0"/>
      <line num="93" count="140423" type="cond" truecount="1" falsecount="1"/>
      <line num="94" count="140423" type="stmt"/>
      <line num="97" count="140434" type="cond" truecount="5" falsecount="0"/>
      <line num="98" count="5" type="stmt"/>
      <line num="100" count="140434" type="cond" truecount="4" falsecount="0"/>
      <line num="101" count="3" type="stmt"/>
      <line num="111" count="1" type="stmt"/>
      <line num="120" count="151848" type="stmt"/>
      <line num="129" count="151847" type="stmt"/>
      <line num="130" count="151847" type="stmt"/>
      <line num="131" count="151847" type="stmt"/>
      <line num="132" count="151847" type="stmt"/>
      <line num="134" count="151847" type="stmt"/>
      <line num="136" count="19632921" type="cond" truecount="2" falsecount="0"/>
      <line num="137" count="19624921" type="stmt"/>
      <line num="140" count="8000" type="stmt"/>
      <line num="143" count="19632921" type="stmt"/>
      <line num="146" count="151847" type="stmt"/>
      <line num="147" count="151847" type="stmt"/>
      <line num="157" count="292269" type="stmt"/>
      <line num="168" count="151849" type="cond" truecount="2" falsecount="0"/>
      <line num="169" count="151849" type="stmt"/>
      <line num="171" count="151849" type="cond" truecount="2" falsecount="0"/>
      <line num="172" count="3" type="stmt"/>
      <line num="174" count="151846" type="cond" truecount="2" falsecount="0"/>
      <line num="175" count="151845" type="stmt"/>
      <line num="178" count="1" type="stmt"/>
      <line num="189" count="8000" type="stmt"/>
      <line num="190" count="8000" type="stmt"/>
      <line num="192" count="8000" type="stmt"/>
    </file>
  </project>
</coverage>
