{"/Volumes/SD/GoogleDrive/Develop/gpwd/index.js": {"path":"/Volumes/SD/GoogleDrive/Develop/gpwd/index.js","statementMap":{"0":{"start":{"line":12,"column":15},"end":{"line":12,"column":32}},"1":{"start":{"line":17,"column":0},"end":{"line":194,"column":1}},"2":{"start":{"line":27,"column":4},"end":{"line":27,"column":23}},"3":{"start":{"line":28,"column":4},"end":{"line":44,"column":6}},"4":{"start":{"line":46,"column":4},"end":{"line":46,"column":79}},"5":{"start":{"line":47,"column":4},"end":{"line":49,"column":5}},"6":{"start":{"line":48,"column":6},"end":{"line":48,"column":25}},"7":{"start":{"line":57,"column":4},"end":{"line":57,"column":14}},"8":{"start":{"line":63,"column":4},"end":{"line":63,"column":18}},"9":{"start":{"line":74,"column":4},"end":{"line":79,"column":5}},"10":{"start":{"line":75,"column":6},"end":{"line":75,"column":23}},"11":{"start":{"line":77,"column":9},"end":{"line":79,"column":5}},"12":{"start":{"line":78,"column":6},"end":{"line":78,"column":28}},"13":{"start":{"line":89,"column":4},"end":{"line":91,"column":5}},"14":{"start":{"line":90,"column":6},"end":{"line":90,"column":35}},"15":{"start":{"line":92,"column":4},"end":{"line":96,"column":5}},"16":{"start":{"line":93,"column":6},"end":{"line":95,"column":7}},"17":{"start":{"line":94,"column":8},"end":{"line":94,"column":41}},"18":{"start":{"line":97,"column":4},"end":{"line":99,"column":5}},"19":{"start":{"line":98,"column":6},"end":{"line":98,"column":31}},"20":{"start":{"line":100,"column":4},"end":{"line":102,"column":5}},"21":{"start":{"line":101,"column":6},"end":{"line":101,"column":29}},"22":{"start":{"line":111,"column":4},"end":{"line":111,"column":29}},"23":{"start":{"line":120,"column":4},"end":{"line":120,"column":24}},"24":{"start":{"line":129,"column":17},"end":{"line":129,"column":38}},"25":{"start":{"line":130,"column":17},"end":{"line":130,"column":32}},"26":{"start":{"line":131,"column":19},"end":{"line":131,"column":34}},"27":{"start":{"line":132,"column":14},"end":{"line":132,"column":16}},"28":{"start":{"line":134,"column":4},"end":{"line":144,"column":5}},"29":{"start":{"line":134,"column":14},"end":{"line":134,"column":15}},"30":{"start":{"line":136,"column":6},"end":{"line":141,"column":7}},"31":{"start":{"line":137,"column":8},"end":{"line":137,"column":75}},"32":{"start":{"line":140,"column":8},"end":{"line":140,"column":52}},"33":{"start":{"line":143,"column":6},"end":{"line":143,"column":23}},"34":{"start":{"line":146,"column":4},"end":{"line":146,"column":22}},"35":{"start":{"line":147,"column":4},"end":{"line":147,"column":17}},"36":{"start":{"line":157,"column":4},"end":{"line":157,"column":42}},"37":{"start":{"line":168,"column":21},"end":{"line":168,"column":56}},"38":{"start":{"line":169,"column":17},"end":{"line":169,"column":30}},"39":{"start":{"line":171,"column":4},"end":{"line":179,"column":5}},"40":{"start":{"line":172,"column":6},"end":{"line":172,"column":21}},"41":{"start":{"line":174,"column":9},"end":{"line":179,"column":5}},"42":{"start":{"line":175,"column":6},"end":{"line":175,"column":42}},"43":{"start":{"line":178,"column":6},"end":{"line":178,"column":21}},"44":{"start":{"line":189,"column":17},"end":{"line":189,"column":38}},"45":{"start":{"line":190,"column":17},"end":{"line":190,"column":37}},"46":{"start":{"line":192,"column":4},"end":{"line":192,"column":32}}},"fnMap":{"0":{"name":"(anonymous_0)","decl":{"start":{"line":26,"column":2},"end":{"line":26,"column":3}},"loc":{"start":{"line":26,"column":23},"end":{"line":50,"column":3}},"line":26},"1":{"name":"(anonymous_1)","decl":{"start":{"line":56,"column":2},"end":{"line":56,"column":3}},"loc":{"start":{"line":56,"column":25},"end":{"line":58,"column":3}},"line":56},"2":{"name":"(anonymous_2)","decl":{"start":{"line":62,"column":2},"end":{"line":62,"column":3}},"loc":{"start":{"line":62,"column":25},"end":{"line":64,"column":3}},"line":62},"3":{"name":"(anonymous_3)","decl":{"start":{"line":73,"column":2},"end":{"line":73,"column":3}},"loc":{"start":{"line":73,"column":21},"end":{"line":80,"column":3}},"line":73},"4":{"name":"(anonymous_4)","decl":{"start":{"line":88,"column":2},"end":{"line":88,"column":3}},"loc":{"start":{"line":88,"column":19},"end":{"line":103,"column":3}},"line":88},"5":{"name":"(anonymous_5)","decl":{"start":{"line":110,"column":2},"end":{"line":110,"column":3}},"loc":{"start":{"line":110,"column":8},"end":{"line":112,"column":3}},"line":110},"6":{"name":"(anonymous_6)","decl":{"start":{"line":119,"column":2},"end":{"line":119,"column":3}},"loc":{"start":{"line":119,"column":7},"end":{"line":121,"column":3}},"line":119},"7":{"name":"(anonymous_7)","decl":{"start":{"line":128,"column":2},"end":{"line":128,"column":3}},"loc":{"start":{"line":128,"column":7},"end":{"line":148,"column":3}},"line":128},"8":{"name":"(anonymous_8)","decl":{"start":{"line":156,"column":2},"end":{"line":156,"column":3}},"loc":{"start":{"line":156,"column":26},"end":{"line":158,"column":3}},"line":156},"9":{"name":"(anonymous_9)","decl":{"start":{"line":167,"column":2},"end":{"line":167,"column":3}},"loc":{"start":{"line":167,"column":26},"end":{"line":180,"column":3}},"line":167},"10":{"name":"(anonymous_10)","decl":{"start":{"line":188,"column":2},"end":{"line":188,"column":3}},"loc":{"start":{"line":188,"column":20},"end":{"line":193,"column":3}},"line":188}},"branchMap":{"0":{"loc":{"start":{"line":26,"column":14},"end":{"line":26,"column":22}},"type":"default-arg","locations":[{"start":{"line":26,"column":18},"end":{"line":26,"column":22}}],"line":26},"1":{"loc":{"start":{"line":47,"column":4},"end":{"line":49,"column":5}},"type":"if","locations":[{"start":{"line":47,"column":4},"end":{"line":49,"column":5}},{"start":{"line":47,"column":4},"end":{"line":49,"column":5}}],"line":47},"2":{"loc":{"start":{"line":73,"column":12},"end":{"line":73,"column":20}},"type":"default-arg","locations":[{"start":{"line":73,"column":16},"end":{"line":73,"column":20}}],"line":73},"3":{"loc":{"start":{"line":74,"column":4},"end":{"line":79,"column":5}},"type":"if","locations":[{"start":{"line":74,"column":4},"end":{"line":79,"column":5}},{"start":{"line":74,"column":4},"end":{"line":79,"column":5}}],"line":74},"4":{"loc":{"start":{"line":77,"column":9},"end":{"line":79,"column":5}},"type":"if","locations":[{"start":{"line":77,"column":9},"end":{"line":79,"column":5}},{"start":{"line":77,"column":9},"end":{"line":79,"column":5}}],"line":77},"5":{"loc":{"start":{"line":88,"column":12},"end":{"line":88,"column":18}},"type":"default-arg","locations":[{"start":{"line":88,"column":16},"end":{"line":88,"column":18}}],"line":88},"6":{"loc":{"start":{"line":89,"column":4},"end":{"line":91,"column":5}},"type":"if","locations":[{"start":{"line":89,"column":4},"end":{"line":91,"column":5}},{"start":{"line":89,"column":4},"end":{"line":91,"column":5}}],"line":89},"7":{"loc":{"start":{"line":89,"column":8},"end":{"line":89,"column":62}},"type":"binary-expr","locations":[{"start":{"line":89,"column":9},"end":{"line":89,"column":24}},{"start":{"line":89,"column":30},"end":{"line":89,"column":61}}],"line":89},"8":{"loc":{"start":{"line":92,"column":4},"end":{"line":96,"column":5}},"type":"if","locations":[{"start":{"line":92,"column":4},"end":{"line":96,"column":5}},{"start":{"line":92,"column":4},"end":{"line":96,"column":5}}],"line":92},"9":{"loc":{"start":{"line":92,"column":8},"end":{"line":92,"column":66}},"type":"binary-expr","locations":[{"start":{"line":92,"column":9},"end":{"line":92,"column":26}},{"start":{"line":92,"column":32},"end":{"line":92,"column":65}}],"line":92},"10":{"loc":{"start":{"line":93,"column":6},"end":{"line":95,"column":7}},"type":"if","locations":[{"start":{"line":93,"column":6},"end":{"line":95,"column":7}},{"start":{"line":93,"column":6},"end":{"line":95,"column":7}}],"line":93},"11":{"loc":{"start":{"line":97,"column":4},"end":{"line":99,"column":5}},"type":"if","locations":[{"start":{"line":97,"column":4},"end":{"line":99,"column":5}},{"start":{"line":97,"column":4},"end":{"line":99,"column":5}}],"line":97},"12":{"loc":{"start":{"line":97,"column":8},"end":{"line":97,"column":131}},"type":"binary-expr","locations":[{"start":{"line":97,"column":9},"end":{"line":97,"column":22}},{"start":{"line":97,"column":28},"end":{"line":97,"column":50}},{"start":{"line":97,"column":56},"end":{"line":97,"column":130}}],"line":97},"13":{"loc":{"start":{"line":100,"column":4},"end":{"line":102,"column":5}},"type":"if","locations":[{"start":{"line":100,"column":4},"end":{"line":102,"column":5}},{"start":{"line":100,"column":4},"end":{"line":102,"column":5}}],"line":100},"14":{"loc":{"start":{"line":100,"column":8},"end":{"line":100,"column":50}},"type":"binary-expr","locations":[{"start":{"line":100,"column":9},"end":{"line":100,"column":24}},{"start":{"line":100,"column":30},"end":{"line":100,"column":49}}],"line":100},"15":{"loc":{"start":{"line":136,"column":6},"end":{"line":141,"column":7}},"type":"if","locations":[{"start":{"line":136,"column":6},"end":{"line":141,"column":7}},{"start":{"line":136,"column":6},"end":{"line":141,"column":7}}],"line":136},"16":{"loc":{"start":{"line":167,"column":17},"end":{"line":167,"column":25}},"type":"default-arg","locations":[{"start":{"line":167,"column":21},"end":{"line":167,"column":25}}],"line":167},"17":{"loc":{"start":{"line":168,"column":21},"end":{"line":168,"column":56}},"type":"cond-expr","locations":[{"start":{"line":168,"column":35},"end":{"line":168,"column":52}},{"start":{"line":168,"column":53},"end":{"line":168,"column":56}}],"line":168},"18":{"loc":{"start":{"line":171,"column":4},"end":{"line":179,"column":5}},"type":"if","locations":[{"start":{"line":171,"column":4},"end":{"line":179,"column":5}},{"start":{"line":171,"column":4},"end":{"line":179,"column":5}}],"line":171},"19":{"loc":{"start":{"line":174,"column":9},"end":{"line":179,"column":5}},"type":"if","locations":[{"start":{"line":174,"column":9},"end":{"line":179,"column":5}},{"start":{"line":174,"column":9},"end":{"line":179,"column":5}}],"line":174}},"s":{"0":1,"1":1,"2":150429,"3":150429,"4":150429,"5":150429,"6":140424,"7":2,"8":2,"9":12,"10":7,"11":5,"12":5,"13":140434,"14":425,"15":140434,"16":140423,"17":140423,"18":140434,"19":5,"20":140434,"21":3,"22":1,"23":151848,"24":151847,"25":151847,"26":151847,"27":151847,"28":151847,"29":151847,"30":19632921,"31":19624921,"32":8000,"33":19632921,"34":151847,"35":151847,"36":292269,"37":151849,"38":151849,"39":151849,"40":3,"41":151846,"42":151845,"43":1,"44":8000,"45":8000,"46":8000},"f":{"0":150429,"1":2,"2":2,"3":12,"4":140434,"5":1,"6":151848,"7":151847,"8":292269,"9":151849,"10":8000},"b":{"0":[10005],"1":[140424,10005],"2":[7],"3":[7,5],"4":[5,0],"5":[1],"6":[425,140009],"7":[140434,425],"8":[140423,11],"9":[140434,140423],"10":[140423,0],"11":[5,140429],"12":[140434,6,6],"13":[3,140431],"14":[140434,3],"15":[19624921,8000],"16":[151847],"17":[151847,2],"18":[3,151846],"19":[151845,1]},"_coverageSchema":"43e27e138ebf9cfc5966b082cf9a028302ed4184","hash":"55ced44814c3deeb1a7648865bb810317556d271"}
}
