{"/Volumes/SD/GoogleDrive/Develop/gpwd/genPassword.js": {"path":"/Volumes/SD/GoogleDrive/Develop/gpwd/genPassword.js","statementMap":{"0":{"start":{"line":9,"column":0},"end":{"line":101,"column":1}},"1":{"start":{"line":18,"column":2},"end":{"line":18,"column":21}},"2":{"start":{"line":20,"column":2},"end":{"line":28,"column":3}},"3":{"start":{"line":21,"column":3},"end":{"line":24,"column":5}},"4":{"start":{"line":27,"column":3},"end":{"line":27,"column":18}},"5":{"start":{"line":36,"column":2},"end":{"line":36,"column":12}},"6":{"start":{"line":42,"column":2},"end":{"line":42,"column":16}},"7":{"start":{"line":49,"column":2},"end":{"line":49,"column":27}},"8":{"start":{"line":56,"column":2},"end":{"line":56,"column":22}},"9":{"start":{"line":65,"column":13},"end":{"line":65,"column":31}},"10":{"start":{"line":66,"column":13},"end":{"line":66,"column":28}},"11":{"start":{"line":67,"column":13},"end":{"line":67,"column":15}},"12":{"start":{"line":69,"column":2},"end":{"line":72,"column":3}},"13":{"start":{"line":70,"column":11},"end":{"line":70,"column":71}},"14":{"start":{"line":71,"column":3},"end":{"line":71,"column":18}},"15":{"start":{"line":74,"column":2},"end":{"line":74,"column":20}},"16":{"start":{"line":75,"column":2},"end":{"line":75,"column":15}},"17":{"start":{"line":84,"column":12},"end":{"line":84,"column":14}},"18":{"start":{"line":85,"column":2},"end":{"line":97,"column":3}},"19":{"start":{"line":87,"column":4},"end":{"line":87,"column":40}},"20":{"start":{"line":89,"column":4},"end":{"line":89,"column":17}},"21":{"start":{"line":91,"column":4},"end":{"line":91,"column":40}},"22":{"start":{"line":92,"column":4},"end":{"line":92,"column":24}},"23":{"start":{"line":93,"column":4},"end":{"line":93,"column":15}},"24":{"start":{"line":96,"column":4},"end":{"line":96,"column":40}},"25":{"start":{"line":99,"column":2},"end":{"line":99,"column":14}}},"fnMap":{"0":{"name":"(anonymous_0)","decl":{"start":{"line":17,"column":1},"end":{"line":17,"column":2}},"loc":{"start":{"line":17,"column":22},"end":{"line":29,"column":2}},"line":17},"1":{"name":"(anonymous_1)","decl":{"start":{"line":35,"column":1},"end":{"line":35,"column":2}},"loc":{"start":{"line":35,"column":24},"end":{"line":37,"column":2}},"line":35},"2":{"name":"(anonymous_2)","decl":{"start":{"line":41,"column":1},"end":{"line":41,"column":2}},"loc":{"start":{"line":41,"column":24},"end":{"line":43,"column":2}},"line":41},"3":{"name":"(anonymous_3)","decl":{"start":{"line":48,"column":1},"end":{"line":48,"column":2}},"loc":{"start":{"line":48,"column":7},"end":{"line":50,"column":2}},"line":48},"4":{"name":"(anonymous_4)","decl":{"start":{"line":55,"column":1},"end":{"line":55,"column":2}},"loc":{"start":{"line":55,"column":6},"end":{"line":57,"column":2}},"line":55},"5":{"name":"(anonymous_5)","decl":{"start":{"line":64,"column":1},"end":{"line":64,"column":2}},"loc":{"start":{"line":64,"column":6},"end":{"line":76,"column":2}},"line":64},"6":{"name":"(anonymous_6)","decl":{"start":{"line":83,"column":1},"end":{"line":83,"column":2}},"loc":{"start":{"line":83,"column":14},"end":{"line":100,"column":2}},"line":83}},"branchMap":{"0":{"loc":{"start":{"line":17,"column":13},"end":{"line":17,"column":21}},"type":"default-arg","locations":[{"start":{"line":17,"column":17},"end":{"line":17,"column":21}}],"line":17},"1":{"loc":{"start":{"line":20,"column":2},"end":{"line":28,"column":3}},"type":"if","locations":[{"start":{"line":20,"column":2},"end":{"line":28,"column":3}},{"start":{"line":20,"column":2},"end":{"line":28,"column":3}}],"line":20},"2":{"loc":{"start":{"line":85,"column":2},"end":{"line":97,"column":3}},"type":"switch","locations":[{"start":{"line":86,"column":3},"end":{"line":87,"column":40}},{"start":{"line":88,"column":3},"end":{"line":89,"column":17}},{"start":{"line":90,"column":3},"end":{"line":93,"column":15}},{"start":{"line":94,"column":3},"end":{"line":94,"column":15}},{"start":{"line":95,"column":3},"end":{"line":96,"column":40}}],"line":85}},"s":{"0":1,"1":50125,"2":50125,"3":10002,"4":40123,"5":2,"6":2,"7":1,"8":50245,"9":50244,"10":50244,"11":50244,"12":50244,"13":5391097,"14":5391097,"15":50244,"16":50244,"17":50244,"18":50244,"19":10060,"20":20120,"21":40181,"22":40181,"23":40181,"24":50244,"25":50244},"f":{"0":50125,"1":2,"2":2,"3":1,"4":50245,"5":50244,"6":50244},"b":{"0":[10002],"1":[10002,40123],"2":[10060,20120,40181,50241,50244]},"_coverageSchema":"332fd63041d2c1bcb487cc26dd0d5f7d97098a6c","hash":"60690c668437cf1f8b9c12e0c313f7d3bac04dbd"}
}
