TN:
SF:/Volumes/SD/GoogleDrive/Develop/gpwd/genPassword.js
FN:17,(anonymous_0)
FN:35,(anonymous_1)
FN:41,(anonymous_2)
FN:48,(anonymous_3)
FN:55,(anonymous_4)
FN:64,(anonymous_5)
FN:83,(anonymous_6)
FNF:7
FNH:7
FNDA:50125,(anonymous_0)
FNDA:2,(anonymous_1)
FNDA:2,(anonymous_2)
FNDA:1,(anonymous_3)
FNDA:50245,(anonymous_4)
FNDA:50244,(anonymous_5)
FNDA:50244,(anonymous_6)
DA:9,1
DA:18,50125
DA:20,50125
DA:21,10002
DA:27,40123
DA:36,2
DA:42,2
DA:49,1
DA:56,50245
DA:65,50244
DA:66,50244
DA:67,50244
DA:69,50244
DA:70,5391097
DA:71,5391097
DA:74,50244
DA:75,50244
DA:84,50244
DA:85,50244
DA:87,10060
DA:89,20120
DA:91,40181
DA:92,40181
DA:93,40181
DA:96,50244
DA:99,50244
LF:26
LH:26
BRDA:17,0,0,10002
BRDA:20,1,0,10002
BRDA:20,1,1,40123
BRDA:85,2,0,10060
BRDA:85,2,1,20120
BRDA:85,2,2,40181
BRDA:85,2,3,50241
BRDA:85,2,4,50244
BRF:8
BRH:8
end_of_record
