TN:
SF:/Volumes/SD/GoogleDrive/Develop/gpwd/index.js
FN:26,(anonymous_0)
FN:56,(anonymous_1)
FN:62,(anonymous_2)
FN:73,(anonymous_3)
FN:88,(anonymous_4)
FN:110,(anonymous_5)
FN:119,(anonymous_6)
FN:128,(anonymous_7)
FN:156,(anonymous_8)
FN:167,(anonymous_9)
FN:188,(anonymous_10)
FNF:11
FNH:11
FNDA:150429,(anonymous_0)
FNDA:2,(anonymous_1)
FNDA:2,(anonymous_2)
FNDA:12,(anonymous_3)
FNDA:140434,(anonymous_4)
FNDA:1,(anonymous_5)
FNDA:151848,(anonymous_6)
FNDA:151847,(anonymous_7)
FNDA:292269,(anonymous_8)
FNDA:151849,(anonymous_9)
FNDA:8000,(anonymous_10)
DA:12,1
DA:17,1
DA:27,150429
DA:28,150429
DA:46,150429
DA:47,150429
DA:48,140424
DA:57,2
DA:63,2
DA:74,12
DA:75,7
DA:77,5
DA:78,5
DA:89,140434
DA:90,425
DA:92,140434
DA:93,140423
DA:94,140423
DA:97,140434
DA:98,5
DA:100,140434
DA:101,3
DA:111,1
DA:120,151848
DA:129,151847
DA:130,151847
DA:131,151847
DA:132,151847
DA:134,151847
DA:136,19632921
DA:137,19624921
DA:140,8000
DA:143,19632921
DA:146,151847
DA:147,151847
DA:157,292269
DA:168,151849
DA:169,151849
DA:171,151849
DA:172,3
DA:174,151846
DA:175,151845
DA:178,1
DA:189,8000
DA:190,8000
DA:192,8000
LF:46
LH:46
BRDA:26,0,0,10005
BRDA:47,1,0,140424
BRDA:47,1,1,10005
BRDA:73,2,0,7
BRDA:74,3,0,7
BRDA:74,3,1,5
BRDA:77,4,0,5
BRDA:77,4,1,0
BRDA:88,5,0,1
BRDA:89,6,0,425
BRDA:89,6,1,140009
BRDA:89,7,0,140434
BRDA:89,7,1,425
BRDA:92,8,0,140423
BRDA:92,8,1,11
BRDA:92,9,0,140434
BRDA:92,9,1,140423
BRDA:93,10,0,140423
BRDA:93,10,1,0
BRDA:97,11,0,5
BRDA:97,11,1,140429
BRDA:97,12,0,140434
BRDA:97,12,1,6
BRDA:97,12,2,6
BRDA:100,13,0,3
BRDA:100,13,1,140431
BRDA:100,14,0,140434
BRDA:100,14,1,3
BRDA:136,15,0,19624921
BRDA:136,15,1,8000
BRDA:167,16,0,151847
BRDA:168,17,0,151847
BRDA:168,17,1,2
BRDA:171,18,0,3
BRDA:171,18,1,151846
BRDA:174,19,0,151845
BRDA:174,19,1,1
BRF:37
BRH:35
end_of_record
